The system is: Linux - 4.4.79-19-default - x86_64
Compiling the C compiler identification source file "CMakeCCompilerId.c" succeeded.
Compiler: /usr/bin/gcc-5 
Build flags: 
Id flags:  

The output was:
0


Compilation of the C compiler identification source "CMakeCCompilerId.c" produced "a.out"

The C compiler identification is GNU, found in "/home/fulup/Workspace/Audio-4a/wsclient-audio4a/build/CMakeFiles/3.9.4/CompilerIdC/a.out"

Compiling the CXX compiler identification source file "CMakeCXXCompilerId.cpp" succeeded.
Compiler: /usr/bin/g++-5 
Build flags: 
Id flags:  

The output was:
0


Compilation of the CXX compiler identification source "CMakeCXXCompilerId.cpp" produced "a.out"

The CXX compiler identification is GNU, found in "/home/fulup/Workspace/Audio-4a/wsclient-audio4a/build/CMakeFiles/3.9.4/CompilerIdCXX/a.out"

Determining if the C compiler works passed with the following output:
Change Dir: /home/fulup/Workspace/Audio-4a/wsclient-audio4a/build/CMakeFiles/CMakeTmp

Run Build Command:"/usr/bin/gmake" "cmTC_94c3d/fast"
/usr/bin/gmake -f CMakeFiles/cmTC_94c3d.dir/build.make CMakeFiles/cmTC_94c3d.dir/build
gmake[1]: Entering directory '/home/fulup/Workspace/Audio-4a/wsclient-audio4a/build/CMakeFiles/CMakeTmp'
Building C object CMakeFiles/cmTC_94c3d.dir/testCCompiler.c.o
/usr/bin/gcc-5    -o CMakeFiles/cmTC_94c3d.dir/testCCompiler.c.o   -c /home/fulup/Workspace/Audio-4a/wsclient-audio4a/build/CMakeFiles/CMakeTmp/testCCompiler.c
Linking C executable cmTC_94c3d
/usr/bin/cmake -E cmake_link_script CMakeFiles/cmTC_94c3d.dir/link.txt --verbose=1
/usr/bin/gcc-5      -rdynamic CMakeFiles/cmTC_94c3d.dir/testCCompiler.c.o  -o cmTC_94c3d 
gmake[1]: Leaving directory '/home/fulup/Workspace/Audio-4a/wsclient-audio4a/build/CMakeFiles/CMakeTmp'


Detecting C compiler ABI info compiled with the following output:
Change Dir: /home/fulup/Workspace/Audio-4a/wsclient-audio4a/build/CMakeFiles/CMakeTmp

Run Build Command:"/usr/bin/gmake" "cmTC_7c344/fast"
/usr/bin/gmake -f CMakeFiles/cmTC_7c344.dir/build.make CMakeFiles/cmTC_7c344.dir/build
gmake[1]: Entering directory '/home/fulup/Workspace/Audio-4a/wsclient-audio4a/build/CMakeFiles/CMakeTmp'
Building C object CMakeFiles/cmTC_7c344.dir/CMakeCCompilerABI.c.o
/usr/bin/gcc-5    -o CMakeFiles/cmTC_7c344.dir/CMakeCCompilerABI.c.o   -c /usr/share/cmake/Modules/CMakeCCompilerABI.c
Linking C executable cmTC_7c344
/usr/bin/cmake -E cmake_link_script CMakeFiles/cmTC_7c344.dir/link.txt --verbose=1
/usr/bin/gcc-5     -v -rdynamic CMakeFiles/cmTC_7c344.dir/CMakeCCompilerABI.c.o  -o cmTC_7c344 
Using built-in specs.
COLLECT_GCC=/usr/bin/gcc-5
COLLECT_LTO_WRAPPER=/usr/lib64/gcc/x86_64-suse-linux/5/lto-wrapper
Target: x86_64-suse-linux
Configured with: ../configure --prefix=/usr --infodir=/usr/share/info --mandir=/usr/share/man --libdir=/usr/lib64 --libexecdir=/usr/lib64 --enable-languages=c,c++,fortran,ada,go --enable-checking=release --with-gxx-include-dir=/usr/include/c++/5 --enable-ssp --disable-libssp --disable-libvtv --enable-libmpx --disable-plugin --with-bugurl=http://bugs.opensuse.org/ --with-pkgversion='SUSE Linux' --disable-libgcj --with-slibdir=/lib64 --with-system-zlib --enable-__cxa_atexit --enable-libstdcxx-allocator=new --disable-libstdcxx-pch --with-default-libstdcxx-abi=gcc4-compatible --enable-version-specific-runtime-libs --enable-linker-build-id --enable-linux-futex --program-suffix=-5 --without-system-libunwind --enable-multilib --with-arch-32=x86-64 --with-tune=generic --build=x86_64-suse-linux --host=x86_64-suse-linux
Thread model: posix
gcc version 5.3.1 20160301 [gcc-5-branch revision 233849] (SUSE Linux) 
COMPILER_PATH=/usr/lib64/gcc/x86_64-suse-linux/5/:/usr/lib64/gcc/x86_64-suse-linux/5/:/usr/lib64/gcc/x86_64-suse-linux/:/usr/lib64/gcc/x86_64-suse-linux/5/:/usr/lib64/gcc/x86_64-suse-linux/:/usr/lib64/gcc/x86_64-suse-linux/5/../../../../x86_64-suse-linux/bin/
LIBRARY_PATH=/home/fulup/opt/lib64/../lib64/:/home/fulup/opt/lib/../lib64/:/usr/lib64/gcc/x86_64-suse-linux/5/:/usr/lib64/gcc/x86_64-suse-linux/5/../../../../lib64/:/lib/../lib64/:/usr/lib/../lib64/:/home/fulup/opt/lib64/:/home/fulup/opt/lib/:/usr/lib64/gcc/x86_64-suse-linux/5/../../../../x86_64-suse-linux/lib/:/usr/lib64/gcc/x86_64-suse-linux/5/../../../:/lib/:/usr/lib/
COLLECT_GCC_OPTIONS='-v' '-rdynamic' '-o' 'cmTC_7c344' '-mtune=generic' '-march=x86-64'
 /usr/lib64/gcc/x86_64-suse-linux/5/collect2 -plugin /usr/lib64/gcc/x86_64-suse-linux/5/liblto_plugin.so -plugin-opt=/usr/lib64/gcc/x86_64-suse-linux/5/lto-wrapper -plugin-opt=-fresolution=/tmp/ccF8MSF5.res -plugin-opt=-pass-through=-lgcc -plugin-opt=-pass-through=-lgcc_s -plugin-opt=-pass-through=-lc -plugin-opt=-pass-through=-lgcc -plugin-opt=-pass-through=-lgcc_s --build-id --eh-frame-hdr -m elf_x86_64 -export-dynamic -dynamic-linker /lib64/ld-linux-x86-64.so.2 -o cmTC_7c344 /usr/lib64/gcc/x86_64-suse-linux/5/../../../../lib64/crt1.o /usr/lib64/gcc/x86_64-suse-linux/5/../../../../lib64/crti.o /usr/lib64/gcc/x86_64-suse-linux/5/crtbegin.o -L/home/fulup/opt/lib64/../lib64 -L/home/fulup/opt/lib/../lib64 -L/usr/lib64/gcc/x86_64-suse-linux/5 -L/usr/lib64/gcc/x86_64-suse-linux/5/../../../../lib64 -L/lib/../lib64 -L/usr/lib/../lib64 -L/home/fulup/opt/lib64 -L/home/fulup/opt/lib -L/usr/lib64/gcc/x86_64-suse-linux/5/../../../../x86_64-suse-linux/lib -L/usr/lib64/gcc/x86_64-suse-linux/5/../../.. CMakeFiles/cmTC_7c344.dir/CMakeCCompilerABI.c.o -lgcc --as-needed -lgcc_s --no-as-needed -lc -lgcc --as-needed -lgcc_s --no-as-needed /usr/lib64/gcc/x86_64-suse-linux/5/crtend.o /usr/lib64/gcc/x86_64-suse-linux/5/../../../../lib64/crtn.o
gmake[1]: Leaving directory '/home/fulup/Workspace/Audio-4a/wsclient-audio4a/build/CMakeFiles/CMakeTmp'


Parsed C implicit link information from above output:
  link line regex: [^( *|.*[/\])(ld|CMAKE_LINK_STARTFILE-NOTFOUND|([^/\]+-)?ld|collect2)[^/\]*( |$)]
  ignore line: [Change Dir: /home/fulup/Workspace/Audio-4a/wsclient-audio4a/build/CMakeFiles/CMakeTmp]
  ignore line: []
  ignore line: [Run Build Command:"/usr/bin/gmake" "cmTC_7c344/fast"]
  ignore line: [/usr/bin/gmake -f CMakeFiles/cmTC_7c344.dir/build.make CMakeFiles/cmTC_7c344.dir/build]
  ignore line: [gmake[1]: Entering directory '/home/fulup/Workspace/Audio-4a/wsclient-audio4a/build/CMakeFiles/CMakeTmp']
  ignore line: [Building C object CMakeFiles/cmTC_7c344.dir/CMakeCCompilerABI.c.o]
  ignore line: [/usr/bin/gcc-5    -o CMakeFiles/cmTC_7c344.dir/CMakeCCompilerABI.c.o   -c /usr/share/cmake/Modules/CMakeCCompilerABI.c]
  ignore line: [Linking C executable cmTC_7c344]
  ignore line: [/usr/bin/cmake -E cmake_link_script CMakeFiles/cmTC_7c344.dir/link.txt --verbose=1]
  ignore line: [/usr/bin/gcc-5     -v -rdynamic CMakeFiles/cmTC_7c344.dir/CMakeCCompilerABI.c.o  -o cmTC_7c344 ]
  ignore line: [Using built-in specs.]
  ignore line: [COLLECT_GCC=/usr/bin/gcc-5]
  ignore line: [COLLECT_LTO_WRAPPER=/usr/lib64/gcc/x86_64-suse-linux/5/lto-wrapper]
  ignore line: [Target: x86_64-suse-linux]
  ignore line: [Configured with: ../configure --prefix=/usr --infodir=/usr/share/info --mandir=/usr/share/man --libdir=/usr/lib64 --libexecdir=/usr/lib64 --enable-languages=c,c++,fortran,ada,go --enable-checking=release --with-gxx-include-dir=/usr/include/c++/5 --enable-ssp --disable-libssp --disable-libvtv --enable-libmpx --disable-plugin --with-bugurl=http://bugs.opensuse.org/ --with-pkgversion='SUSE Linux' --disable-libgcj --with-slibdir=/lib64 --with-system-zlib --enable-__cxa_atexit --enable-libstdcxx-allocator=new --disable-libstdcxx-pch --with-default-libstdcxx-abi=gcc4-compatible --enable-version-specific-runtime-libs --enable-linker-build-id --enable-linux-futex --program-suffix=-5 --without-system-libunwind --enable-multilib --with-arch-32=x86-64 --with-tune=generic --build=x86_64-suse-linux --host=x86_64-suse-linux]
  ignore line: [Thread model: posix]
  ignore line: [gcc version 5.3.1 20160301 [gcc-5-branch revision 233849] (SUSE Linux) ]
  ignore line: [COMPILER_PATH=/usr/lib64/gcc/x86_64-suse-linux/5/:/usr/lib64/gcc/x86_64-suse-linux/5/:/usr/lib64/gcc/x86_64-suse-linux/:/usr/lib64/gcc/x86_64-suse-linux/5/:/usr/lib64/gcc/x86_64-suse-linux/:/usr/lib64/gcc/x86_64-suse-linux/5/../../../../x86_64-suse-linux/bin/]
  ignore line: [LIBRARY_PATH=/home/fulup/opt/lib64/../lib64/:/home/fulup/opt/lib/../lib64/:/usr/lib64/gcc/x86_64-suse-linux/5/:/usr/lib64/gcc/x86_64-suse-linux/5/../../../../lib64/:/lib/../lib64/:/usr/lib/../lib64/:/home/fulup/opt/lib64/:/home/fulup/opt/lib/:/usr/lib64/gcc/x86_64-suse-linux/5/../../../../x86_64-suse-linux/lib/:/usr/lib64/gcc/x86_64-suse-linux/5/../../../:/lib/:/usr/lib/]
  ignore line: [COLLECT_GCC_OPTIONS='-v' '-rdynamic' '-o' 'cmTC_7c344' '-mtune=generic' '-march=x86-64']
  link line: [ /usr/lib64/gcc/x86_64-suse-linux/5/collect2 -plugin /usr/lib64/gcc/x86_64-suse-linux/5/liblto_plugin.so -plugin-opt=/usr/lib64/gcc/x86_64-suse-linux/5/lto-wrapper -plugin-opt=-fresolution=/tmp/ccF8MSF5.res -plugin-opt=-pass-through=-lgcc -plugin-opt=-pass-through=-lgcc_s -plugin-opt=-pass-through=-lc -plugin-opt=-pass-through=-lgcc -plugin-opt=-pass-through=-lgcc_s --build-id --eh-frame-hdr -m elf_x86_64 -export-dynamic -dynamic-linker /lib64/ld-linux-x86-64.so.2 -o cmTC_7c344 /usr/lib64/gcc/x86_64-suse-linux/5/../../../../lib64/crt1.o /usr/lib64/gcc/x86_64-suse-linux/5/../../../../lib64/crti.o /usr/lib64/gcc/x86_64-suse-linux/5/crtbegin.o -L/home/fulup/opt/lib64/../lib64 -L/home/fulup/opt/lib/../lib64 -L/usr/lib64/gcc/x86_64-suse-linux/5 -L/usr/lib64/gcc/x86_64-suse-linux/5/../../../../lib64 -L/lib/../lib64 -L/usr/lib/../lib64 -L/home/fulup/opt/lib64 -L/home/fulup/opt/lib -L/usr/lib64/gcc/x86_64-suse-linux/5/../../../../x86_64-suse-linux/lib -L/usr/lib64/gcc/x86_64-suse-linux/5/../../.. CMakeFiles/cmTC_7c344.dir/CMakeCCompilerABI.c.o -lgcc --as-needed -lgcc_s --no-as-needed -lc -lgcc --as-needed -lgcc_s --no-as-needed /usr/lib64/gcc/x86_64-suse-linux/5/crtend.o /usr/lib64/gcc/x86_64-suse-linux/5/../../../../lib64/crtn.o]
    arg [/usr/lib64/gcc/x86_64-suse-linux/5/collect2] ==> ignore
    arg [-plugin] ==> ignore
    arg [/usr/lib64/gcc/x86_64-suse-linux/5/liblto_plugin.so] ==> ignore
    arg [-plugin-opt=/usr/lib64/gcc/x86_64-suse-linux/5/lto-wrapper] ==> ignore
    arg [-plugin-opt=-fresolution=/tmp/ccF8MSF5.res] ==> ignore
    arg [-plugin-opt=-pass-through=-lgcc] ==> ignore
    arg [-plugin-opt=-pass-through=-lgcc_s] ==> ignore
    arg [-plugin-opt=-pass-through=-lc] ==> ignore
    arg [-plugin-opt=-pass-through=-lgcc] ==> ignore
    arg [-plugin-opt=-pass-through=-lgcc_s] ==> ignore
    arg [--build-id] ==> ignore
    arg [--eh-frame-hdr] ==> ignore
    arg [-m] ==> ignore
    arg [elf_x86_64] ==> ignore
    arg [-export-dynamic] ==> ignore
    arg [-dynamic-linker] ==> ignore
    arg [/lib64/ld-linux-x86-64.so.2] ==> ignore
    arg [-o] ==> ignore
    arg [cmTC_7c344] ==> ignore
    arg [/usr/lib64/gcc/x86_64-suse-linux/5/../../../../lib64/crt1.o] ==> ignore
    arg [/usr/lib64/gcc/x86_64-suse-linux/5/../../../../lib64/crti.o] ==> ignore
    arg [/usr/lib64/gcc/x86_64-suse-linux/5/crtbegin.o] ==> ignore
    arg [-L/home/fulup/opt/lib64/../lib64] ==> dir [/home/fulup/opt/lib64/../lib64]
    arg [-L/home/fulup/opt/lib/../lib64] ==> dir [/home/fulup/opt/lib/../lib64]
    arg [-L/usr/lib64/gcc/x86_64-suse-linux/5] ==> dir [/usr/lib64/gcc/x86_64-suse-linux/5]
    arg [-L/usr/lib64/gcc/x86_64-suse-linux/5/../../../../lib64] ==> dir [/usr/lib64/gcc/x86_64-suse-linux/5/../../../../lib64]
    arg [-L/lib/../lib64] ==> dir [/lib/../lib64]
    arg [-L/usr/lib/../lib64] ==> dir [/usr/lib/../lib64]
    arg [-L/home/fulup/opt/lib64] ==> dir [/home/fulup/opt/lib64]
    arg [-L/home/fulup/opt/lib] ==> dir [/home/fulup/opt/lib]
    arg [-L/usr/lib64/gcc/x86_64-suse-linux/5/../../../../x86_64-suse-linux/lib] ==> dir [/usr/lib64/gcc/x86_64-suse-linux/5/../../../../x86_64-suse-linux/lib]
    arg [-L/usr/lib64/gcc/x86_64-suse-linux/5/../../..] ==> dir [/usr/lib64/gcc/x86_64-suse-linux/5/../../..]
    arg [CMakeFiles/cmTC_7c344.dir/CMakeCCompilerABI.c.o] ==> ignore
    arg [-lgcc] ==> lib [gcc]
    arg [--as-needed] ==> ignore
    arg [-lgcc_s] ==> lib [gcc_s]
    arg [--no-as-needed] ==> ignore
    arg [-lc] ==> lib [c]
    arg [-lgcc] ==> lib [gcc]
    arg [--as-needed] ==> ignore
    arg [-lgcc_s] ==> lib [gcc_s]
    arg [--no-as-needed] ==> ignore
    arg [/usr/lib64/gcc/x86_64-suse-linux/5/crtend.o] ==> ignore
    arg [/usr/lib64/gcc/x86_64-suse-linux/5/../../../../lib64/crtn.o] ==> ignore
  collapse library dir [/home/fulup/opt/lib64/../lib64] ==> [/home/fulup/opt/lib64]
  collapse library dir [/home/fulup/opt/lib/../lib64] ==> [/home/fulup/opt/lib64]
  collapse library dir [/usr/lib64/gcc/x86_64-suse-linux/5] ==> [/usr/lib64/gcc/x86_64-suse-linux/5]
  collapse library dir [/usr/lib64/gcc/x86_64-suse-linux/5/../../../../lib64] ==> [/usr/lib64]
  collapse library dir [/lib/../lib64] ==> [/lib64]
  collapse library dir [/usr/lib/../lib64] ==> [/usr/lib64]
  collapse library dir [/home/fulup/opt/lib64] ==> [/home/fulup/opt/lib64]
  collapse library dir [/home/fulup/opt/lib] ==> [/home/fulup/opt/lib]
  collapse library dir [/usr/lib64/gcc/x86_64-suse-linux/5/../../../../x86_64-suse-linux/lib] ==> [/usr/x86_64-suse-linux/lib]
  collapse library dir [/usr/lib64/gcc/x86_64-suse-linux/5/../../..] ==> [/usr/lib64]
  implicit libs: [gcc;gcc_s;c;gcc;gcc_s]
  implicit dirs: [/home/fulup/opt/lib64;/usr/lib64/gcc/x86_64-suse-linux/5;/usr/lib64;/lib64;/home/fulup/opt/lib;/usr/x86_64-suse-linux/lib]
  implicit fwks: []




Detecting C [-std=c11] compiler features compiled with the following output:
Change Dir: /home/fulup/Workspace/Audio-4a/wsclient-audio4a/build/CMakeFiles/CMakeTmp

Run Build Command:"/usr/bin/gmake" "cmTC_1b5c8/fast"
/usr/bin/gmake -f CMakeFiles/cmTC_1b5c8.dir/build.make CMakeFiles/cmTC_1b5c8.dir/build
gmake[1]: Entering directory '/home/fulup/Workspace/Audio-4a/wsclient-audio4a/build/CMakeFiles/CMakeTmp'
Building C object CMakeFiles/cmTC_1b5c8.dir/feature_tests.c.o
/usr/bin/gcc-5   -std=c11 -o CMakeFiles/cmTC_1b5c8.dir/feature_tests.c.o   -c /home/fulup/Workspace/Audio-4a/wsclient-audio4a/build/CMakeFiles/feature_tests.c
Linking C executable cmTC_1b5c8
/usr/bin/cmake -E cmake_link_script CMakeFiles/cmTC_1b5c8.dir/link.txt --verbose=1
/usr/bin/gcc-5      -rdynamic CMakeFiles/cmTC_1b5c8.dir/feature_tests.c.o  -o cmTC_1b5c8 
gmake[1]: Leaving directory '/home/fulup/Workspace/Audio-4a/wsclient-audio4a/build/CMakeFiles/CMakeTmp'


    Feature record: C_FEATURE:1c_function_prototypes
    Feature record: C_FEATURE:1c_restrict
    Feature record: C_FEATURE:1c_static_assert
    Feature record: C_FEATURE:1c_variadic_macros


Detecting C [-std=c99] compiler features compiled with the following output:
Change Dir: /home/fulup/Workspace/Audio-4a/wsclient-audio4a/build/CMakeFiles/CMakeTmp

Run Build Command:"/usr/bin/gmake" "cmTC_7cedb/fast"
/usr/bin/gmake -f CMakeFiles/cmTC_7cedb.dir/build.make CMakeFiles/cmTC_7cedb.dir/build
gmake[1]: Entering directory '/home/fulup/Workspace/Audio-4a/wsclient-audio4a/build/CMakeFiles/CMakeTmp'
Building C object CMakeFiles/cmTC_7cedb.dir/feature_tests.c.o
/usr/bin/gcc-5   -std=c99 -o CMakeFiles/cmTC_7cedb.dir/feature_tests.c.o   -c /home/fulup/Workspace/Audio-4a/wsclient-audio4a/build/CMakeFiles/feature_tests.c
Linking C executable cmTC_7cedb
/usr/bin/cmake -E cmake_link_script CMakeFiles/cmTC_7cedb.dir/link.txt --verbose=1
/usr/bin/gcc-5      -rdynamic CMakeFiles/cmTC_7cedb.dir/feature_tests.c.o  -o cmTC_7cedb 
gmake[1]: Leaving directory '/home/fulup/Workspace/Audio-4a/wsclient-audio4a/build/CMakeFiles/CMakeTmp'


    Feature record: C_FEATURE:1c_function_prototypes
    Feature record: C_FEATURE:1c_restrict
    Feature record: C_FEATURE:0c_static_assert
    Feature record: C_FEATURE:1c_variadic_macros


Detecting C [-std=c90] compiler features compiled with the following output:
Change Dir: /home/fulup/Workspace/Audio-4a/wsclient-audio4a/build/CMakeFiles/CMakeTmp

Run Build Command:"/usr/bin/gmake" "cmTC_922bb/fast"
/usr/bin/gmake -f CMakeFiles/cmTC_922bb.dir/build.make CMakeFiles/cmTC_922bb.dir/build
gmake[1]: Entering directory '/home/fulup/Workspace/Audio-4a/wsclient-audio4a/build/CMakeFiles/CMakeTmp'
Building C object CMakeFiles/cmTC_922bb.dir/feature_tests.c.o
/usr/bin/gcc-5   -std=c90 -o CMakeFiles/cmTC_922bb.dir/feature_tests.c.o   -c /home/fulup/Workspace/Audio-4a/wsclient-audio4a/build/CMakeFiles/feature_tests.c
Linking C executable cmTC_922bb
/usr/bin/cmake -E cmake_link_script CMakeFiles/cmTC_922bb.dir/link.txt --verbose=1
/usr/bin/gcc-5      -rdynamic CMakeFiles/cmTC_922bb.dir/feature_tests.c.o  -o cmTC_922bb 
gmake[1]: Leaving directory '/home/fulup/Workspace/Audio-4a/wsclient-audio4a/build/CMakeFiles/CMakeTmp'


    Feature record: C_FEATURE:1c_function_prototypes
    Feature record: C_FEATURE:0c_restrict
    Feature record: C_FEATURE:0c_static_assert
    Feature record: C_FEATURE:0c_variadic_macros
Determining if the CXX compiler works passed with the following output:
Change Dir: /home/fulup/Workspace/Audio-4a/wsclient-audio4a/build/CMakeFiles/CMakeTmp

Run Build Command:"/usr/bin/gmake" "cmTC_6f9f6/fast"
/usr/bin/gmake -f CMakeFiles/cmTC_6f9f6.dir/build.make CMakeFiles/cmTC_6f9f6.dir/build
gmake[1]: Entering directory '/home/fulup/Workspace/Audio-4a/wsclient-audio4a/build/CMakeFiles/CMakeTmp'
Building CXX object CMakeFiles/cmTC_6f9f6.dir/testCXXCompiler.cxx.o
/usr/bin/g++-5     -o CMakeFiles/cmTC_6f9f6.dir/testCXXCompiler.cxx.o -c /home/fulup/Workspace/Audio-4a/wsclient-audio4a/build/CMakeFiles/CMakeTmp/testCXXCompiler.cxx
Linking CXX executable cmTC_6f9f6
/usr/bin/cmake -E cmake_link_script CMakeFiles/cmTC_6f9f6.dir/link.txt --verbose=1
/usr/bin/g++-5       -rdynamic CMakeFiles/cmTC_6f9f6.dir/testCXXCompiler.cxx.o  -o cmTC_6f9f6 
gmake[1]: Leaving directory '/home/fulup/Workspace/Audio-4a/wsclient-audio4a/build/CMakeFiles/CMakeTmp'


Detecting CXX compiler ABI info compiled with the following output:
Change Dir: /home/fulup/Workspace/Audio-4a/wsclient-audio4a/build/CMakeFiles/CMakeTmp

Run Build Command:"/usr/bin/gmake" "cmTC_10863/fast"
/usr/bin/gmake -f CMakeFiles/cmTC_10863.dir/build.make CMakeFiles/cmTC_10863.dir/build
gmake[1]: Entering directory '/home/fulup/Workspace/Audio-4a/wsclient-audio4a/build/CMakeFiles/CMakeTmp'
Building CXX object CMakeFiles/cmTC_10863.dir/CMakeCXXCompilerABI.cpp.o
/usr/bin/g++-5     -o CMakeFiles/cmTC_10863.dir/CMakeCXXCompilerABI.cpp.o -c /usr/share/cmake/Modules/CMakeCXXCompilerABI.cpp
Linking CXX executable cmTC_10863
/usr/bin/cmake -E cmake_link_script CMakeFiles/cmTC_10863.dir/link.txt --verbose=1
/usr/bin/g++-5      -v -rdynamic CMakeFiles/cmTC_10863.dir/CMakeCXXCompilerABI.cpp.o  -o cmTC_10863 
Using built-in specs.
COLLECT_GCC=/usr/bin/g++-5
COLLECT_LTO_WRAPPER=/usr/lib64/gcc/x86_64-suse-linux/5/lto-wrapper
Target: x86_64-suse-linux
Configured with: ../configure --prefix=/usr --infodir=/usr/share/info --mandir=/usr/share/man --libdir=/usr/lib64 --libexecdir=/usr/lib64 --enable-languages=c,c++,fortran,ada,go --enable-checking=release --with-gxx-include-dir=/usr/include/c++/5 --enable-ssp --disable-libssp --disable-libvtv --enable-libmpx --disable-plugin --with-bugurl=http://bugs.opensuse.org/ --with-pkgversion='SUSE Linux' --disable-libgcj --with-slibdir=/lib64 --with-system-zlib --enable-__cxa_atexit --enable-libstdcxx-allocator=new --disable-libstdcxx-pch --with-default-libstdcxx-abi=gcc4-compatible --enable-version-specific-runtime-libs --enable-linker-build-id --enable-linux-futex --program-suffix=-5 --without-system-libunwind --enable-multilib --with-arch-32=x86-64 --with-tune=generic --build=x86_64-suse-linux --host=x86_64-suse-linux
Thread model: posix
gcc version 5.3.1 20160301 [gcc-5-branch revision 233849] (SUSE Linux) 
COMPILER_PATH=/usr/lib64/gcc/x86_64-suse-linux/5/:/usr/lib64/gcc/x86_64-suse-linux/5/:/usr/lib64/gcc/x86_64-suse-linux/:/usr/lib64/gcc/x86_64-suse-linux/5/:/usr/lib64/gcc/x86_64-suse-linux/:/usr/lib64/gcc/x86_64-suse-linux/5/../../../../x86_64-suse-linux/bin/
LIBRARY_PATH=/home/fulup/opt/lib64/../lib64/:/home/fulup/opt/lib/../lib64/:/usr/lib64/gcc/x86_64-suse-linux/5/:/usr/lib64/gcc/x86_64-suse-linux/5/../../../../lib64/:/lib/../lib64/:/usr/lib/../lib64/:/home/fulup/opt/lib64/:/home/fulup/opt/lib/:/usr/lib64/gcc/x86_64-suse-linux/5/../../../../x86_64-suse-linux/lib/:/usr/lib64/gcc/x86_64-suse-linux/5/../../../:/lib/:/usr/lib/
COLLECT_GCC_OPTIONS='-v' '-rdynamic' '-o' 'cmTC_10863' '-shared-libgcc' '-mtune=generic' '-march=x86-64'
 /usr/lib64/gcc/x86_64-suse-linux/5/collect2 -plugin /usr/lib64/gcc/x86_64-suse-linux/5/liblto_plugin.so -plugin-opt=/usr/lib64/gcc/x86_64-suse-linux/5/lto-wrapper -plugin-opt=-fresolution=/tmp/ccPPJxai.res -plugin-opt=-pass-through=-lgcc_s -plugin-opt=-pass-through=-lgcc -plugin-opt=-pass-through=-lc -plugin-opt=-pass-through=-lgcc_s -plugin-opt=-pass-through=-lgcc --build-id --eh-frame-hdr -m elf_x86_64 -export-dynamic -dynamic-linker /lib64/ld-linux-x86-64.so.2 -o cmTC_10863 /usr/lib64/gcc/x86_64-suse-linux/5/../../../../lib64/crt1.o /usr/lib64/gcc/x86_64-suse-linux/5/../../../../lib64/crti.o /usr/lib64/gcc/x86_64-suse-linux/5/crtbegin.o -L/home/fulup/opt/lib64/../lib64 -L/home/fulup/opt/lib/../lib64 -L/usr/lib64/gcc/x86_64-suse-linux/5 -L/usr/lib64/gcc/x86_64-suse-linux/5/../../../../lib64 -L/lib/../lib64 -L/usr/lib/../lib64 -L/home/fulup/opt/lib64 -L/home/fulup/opt/lib -L/usr/lib64/gcc/x86_64-suse-linux/5/../../../../x86_64-suse-linux/lib -L/usr/lib64/gcc/x86_64-suse-linux/5/../../.. CMakeFiles/cmTC_10863.dir/CMakeCXXCompilerABI.cpp.o -lstdc++ -lm -lgcc_s -lgcc -lc -lgcc_s -lgcc /usr/lib64/gcc/x86_64-suse-linux/5/crtend.o /usr/lib64/gcc/x86_64-suse-linux/5/../../../../lib64/crtn.o
gmake[1]: Leaving directory '/home/fulup/Workspace/Audio-4a/wsclient-audio4a/build/CMakeFiles/CMakeTmp'


Parsed CXX implicit link information from above output:
  link line regex: [^( *|.*[/\])(ld|CMAKE_LINK_STARTFILE-NOTFOUND|([^/\]+-)?ld|collect2)[^/\]*( |$)]
  ignore line: [Change Dir: /home/fulup/Workspace/Audio-4a/wsclient-audio4a/build/CMakeFiles/CMakeTmp]
  ignore line: []
  ignore line: [Run Build Command:"/usr/bin/gmake" "cmTC_10863/fast"]
  ignore line: [/usr/bin/gmake -f CMakeFiles/cmTC_10863.dir/build.make CMakeFiles/cmTC_10863.dir/build]
  ignore line: [gmake[1]: Entering directory '/home/fulup/Workspace/Audio-4a/wsclient-audio4a/build/CMakeFiles/CMakeTmp']
  ignore line: [Building CXX object CMakeFiles/cmTC_10863.dir/CMakeCXXCompilerABI.cpp.o]
  ignore line: [/usr/bin/g++-5     -o CMakeFiles/cmTC_10863.dir/CMakeCXXCompilerABI.cpp.o -c /usr/share/cmake/Modules/CMakeCXXCompilerABI.cpp]
  ignore line: [Linking CXX executable cmTC_10863]
  ignore line: [/usr/bin/cmake -E cmake_link_script CMakeFiles/cmTC_10863.dir/link.txt --verbose=1]
  ignore line: [/usr/bin/g++-5      -v -rdynamic CMakeFiles/cmTC_10863.dir/CMakeCXXCompilerABI.cpp.o  -o cmTC_10863 ]
  ignore line: [Using built-in specs.]
  ignore line: [COLLECT_GCC=/usr/bin/g++-5]
  ignore line: [COLLECT_LTO_WRAPPER=/usr/lib64/gcc/x86_64-suse-linux/5/lto-wrapper]
  ignore line: [Target: x86_64-suse-linux]
  ignore line: [Configured with: ../configure --prefix=/usr --infodir=/usr/share/info --mandir=/usr/share/man --libdir=/usr/lib64 --libexecdir=/usr/lib64 --enable-languages=c,c++,fortran,ada,go --enable-checking=release --with-gxx-include-dir=/usr/include/c++/5 --enable-ssp --disable-libssp --disable-libvtv --enable-libmpx --disable-plugin --with-bugurl=http://bugs.opensuse.org/ --with-pkgversion='SUSE Linux' --disable-libgcj --with-slibdir=/lib64 --with-system-zlib --enable-__cxa_atexit --enable-libstdcxx-allocator=new --disable-libstdcxx-pch --with-default-libstdcxx-abi=gcc4-compatible --enable-version-specific-runtime-libs --enable-linker-build-id --enable-linux-futex --program-suffix=-5 --without-system-libunwind --enable-multilib --with-arch-32=x86-64 --with-tune=generic --build=x86_64-suse-linux --host=x86_64-suse-linux]
  ignore line: [Thread model: posix]
  ignore line: [gcc version 5.3.1 20160301 [gcc-5-branch revision 233849] (SUSE Linux) ]
  ignore line: [COMPILER_PATH=/usr/lib64/gcc/x86_64-suse-linux/5/:/usr/lib64/gcc/x86_64-suse-linux/5/:/usr/lib64/gcc/x86_64-suse-linux/:/usr/lib64/gcc/x86_64-suse-linux/5/:/usr/lib64/gcc/x86_64-suse-linux/:/usr/lib64/gcc/x86_64-suse-linux/5/../../../../x86_64-suse-linux/bin/]
  ignore line: [LIBRARY_PATH=/home/fulup/opt/lib64/../lib64/:/home/fulup/opt/lib/../lib64/:/usr/lib64/gcc/x86_64-suse-linux/5/:/usr/lib64/gcc/x86_64-suse-linux/5/../../../../lib64/:/lib/../lib64/:/usr/lib/../lib64/:/home/fulup/opt/lib64/:/home/fulup/opt/lib/:/usr/lib64/gcc/x86_64-suse-linux/5/../../../../x86_64-suse-linux/lib/:/usr/lib64/gcc/x86_64-suse-linux/5/../../../:/lib/:/usr/lib/]
  ignore line: [COLLECT_GCC_OPTIONS='-v' '-rdynamic' '-o' 'cmTC_10863' '-shared-libgcc' '-mtune=generic' '-march=x86-64']
  link line: [ /usr/lib64/gcc/x86_64-suse-linux/5/collect2 -plugin /usr/lib64/gcc/x86_64-suse-linux/5/liblto_plugin.so -plugin-opt=/usr/lib64/gcc/x86_64-suse-linux/5/lto-wrapper -plugin-opt=-fresolution=/tmp/ccPPJxai.res -plugin-opt=-pass-through=-lgcc_s -plugin-opt=-pass-through=-lgcc -plugin-opt=-pass-through=-lc -plugin-opt=-pass-through=-lgcc_s -plugin-opt=-pass-through=-lgcc --build-id --eh-frame-hdr -m elf_x86_64 -export-dynamic -dynamic-linker /lib64/ld-linux-x86-64.so.2 -o cmTC_10863 /usr/lib64/gcc/x86_64-suse-linux/5/../../../../lib64/crt1.o /usr/lib64/gcc/x86_64-suse-linux/5/../../../../lib64/crti.o /usr/lib64/gcc/x86_64-suse-linux/5/crtbegin.o -L/home/fulup/opt/lib64/../lib64 -L/home/fulup/opt/lib/../lib64 -L/usr/lib64/gcc/x86_64-suse-linux/5 -L/usr/lib64/gcc/x86_64-suse-linux/5/../../../../lib64 -L/lib/../lib64 -L/usr/lib/../lib64 -L/home/fulup/opt/lib64 -L/home/fulup/opt/lib -L/usr/lib64/gcc/x86_64-suse-linux/5/../../../../x86_64-suse-linux/lib -L/usr/lib64/gcc/x86_64-suse-linux/5/../../.. CMakeFiles/cmTC_10863.dir/CMakeCXXCompilerABI.cpp.o -lstdc++ -lm -lgcc_s -lgcc -lc -lgcc_s -lgcc /usr/lib64/gcc/x86_64-suse-linux/5/crtend.o /usr/lib64/gcc/x86_64-suse-linux/5/../../../../lib64/crtn.o]
    arg [/usr/lib64/gcc/x86_64-suse-linux/5/collect2] ==> ignore
    arg [-plugin] ==> ignore
    arg [/usr/lib64/gcc/x86_64-suse-linux/5/liblto_plugin.so] ==> ignore
    arg [-plugin-opt=/usr/lib64/gcc/x86_64-suse-linux/5/lto-wrapper] ==> ignore
    arg [-plugin-opt=-fresolution=/tmp/ccPPJxai.res] ==> ignore
    arg [-plugin-opt=-pass-through=-lgcc_s] ==> ignore
    arg [-plugin-opt=-pass-through=-lgcc] ==> ignore
    arg [-plugin-opt=-pass-through=-lc] ==> ignore
    arg [-plugin-opt=-pass-through=-lgcc_s] ==> ignore
    arg [-plugin-opt=-pass-through=-lgcc] ==> ignore
    arg [--build-id] ==> ignore
    arg [--eh-frame-hdr] ==> ignore
    arg [-m] ==> ignore
    arg [elf_x86_64] ==> ignore
    arg [-export-dynamic] ==> ignore
    arg [-dynamic-linker] ==> ignore
    arg [/lib64/ld-linux-x86-64.so.2] ==> ignore
    arg [-o] ==> ignore
    arg [cmTC_10863] ==> ignore
    arg [/usr/lib64/gcc/x86_64-suse-linux/5/../../../../lib64/crt1.o] ==> ignore
    arg [/usr/lib64/gcc/x86_64-suse-linux/5/../../../../lib64/crti.o] ==> ignore
    arg [/usr/lib64/gcc/x86_64-suse-linux/5/crtbegin.o] ==> ignore
    arg [-L/home/fulup/opt/lib64/../lib64] ==> dir [/home/fulup/opt/lib64/../lib64]
    arg [-L/home/fulup/opt/lib/../lib64] ==> dir [/home/fulup/opt/lib/../lib64]
    arg [-L/usr/lib64/gcc/x86_64-suse-linux/5] ==> dir [/usr/lib64/gcc/x86_64-suse-linux/5]
    arg [-L/usr/lib64/gcc/x86_64-suse-linux/5/../../../../lib64] ==> dir [/usr/lib64/gcc/x86_64-suse-linux/5/../../../../lib64]
    arg [-L/lib/../lib64] ==> dir [/lib/../lib64]
    arg [-L/usr/lib/../lib64] ==> dir [/usr/lib/../lib64]
    arg [-L/home/fulup/opt/lib64] ==> dir [/home/fulup/opt/lib64]
    arg [-L/home/fulup/opt/lib] ==> dir [/home/fulup/opt/lib]
    arg [-L/usr/lib64/gcc/x86_64-suse-linux/5/../../../../x86_64-suse-linux/lib] ==> dir [/usr/lib64/gcc/x86_64-suse-linux/5/../../../../x86_64-suse-linux/lib]
    arg [-L/usr/lib64/gcc/x86_64-suse-linux/5/../../..] ==> dir [/usr/lib64/gcc/x86_64-suse-linux/5/../../..]
    arg [CMakeFiles/cmTC_10863.dir/CMakeCXXCompilerABI.cpp.o] ==> ignore
    arg [-lstdc++] ==> lib [stdc++]
    arg [-lm] ==> lib [m]
    arg [-lgcc_s] ==> lib [gcc_s]
    arg [-lgcc] ==> lib [gcc]
    arg [-lc] ==> lib [c]
    arg [-lgcc_s] ==> lib [gcc_s]
    arg [-lgcc] ==> lib [gcc]
    arg [/usr/lib64/gcc/x86_64-suse-linux/5/crtend.o] ==> ignore
    arg [/usr/lib64/gcc/x86_64-suse-linux/5/../../../../lib64/crtn.o] ==> ignore
  collapse library dir [/home/fulup/opt/lib64/../lib64] ==> [/home/fulup/opt/lib64]
  collapse library dir [/home/fulup/opt/lib/../lib64] ==> [/home/fulup/opt/lib64]
  collapse library dir [/usr/lib64/gcc/x86_64-suse-linux/5] ==> [/usr/lib64/gcc/x86_64-suse-linux/5]
  collapse library dir [/usr/lib64/gcc/x86_64-suse-linux/5/../../../../lib64] ==> [/usr/lib64]
  collapse library dir [/lib/../lib64] ==> [/lib64]
  collapse library dir [/usr/lib/../lib64] ==> [/usr/lib64]
  collapse library dir [/home/fulup/opt/lib64] ==> [/home/fulup/opt/lib64]
  collapse library dir [/home/fulup/opt/lib] ==> [/home/fulup/opt/lib]
  collapse library dir [/usr/lib64/gcc/x86_64-suse-linux/5/../../../../x86_64-suse-linux/lib] ==> [/usr/x86_64-suse-linux/lib]
  collapse library dir [/usr/lib64/gcc/x86_64-suse-linux/5/../../..] ==> [/usr/lib64]
  implicit libs: [stdc++;m;gcc_s;gcc;c;gcc_s;gcc]
  implicit dirs: [/home/fulup/opt/lib64;/usr/lib64/gcc/x86_64-suse-linux/5;/usr/lib64;/lib64;/home/fulup/opt/lib;/usr/x86_64-suse-linux/lib]
  implicit fwks: []




Detecting CXX [-std=c++1z] compiler features compiled with the following output:
Change Dir: /home/fulup/Workspace/Audio-4a/wsclient-audio4a/build/CMakeFiles/CMakeTmp

Run Build Command:"/usr/bin/gmake" "cmTC_1dc20/fast"
/usr/bin/gmake -f CMakeFiles/cmTC_1dc20.dir/build.make CMakeFiles/cmTC_1dc20.dir/build
gmake[1]: Entering directory '/home/fulup/Workspace/Audio-4a/wsclient-audio4a/build/CMakeFiles/CMakeTmp'
Building CXX object CMakeFiles/cmTC_1dc20.dir/feature_tests.cxx.o
/usr/bin/g++-5    -std=c++1z -o CMakeFiles/cmTC_1dc20.dir/feature_tests.cxx.o -c /home/fulup/Workspace/Audio-4a/wsclient-audio4a/build/CMakeFiles/feature_tests.cxx
Linking CXX executable cmTC_1dc20
/usr/bin/cmake -E cmake_link_script CMakeFiles/cmTC_1dc20.dir/link.txt --verbose=1
/usr/bin/g++-5       -rdynamic CMakeFiles/cmTC_1dc20.dir/feature_tests.cxx.o  -o cmTC_1dc20 
gmake[1]: Leaving directory '/home/fulup/Workspace/Audio-4a/wsclient-audio4a/build/CMakeFiles/CMakeTmp'


    Feature record: CXX_FEATURE:1cxx_aggregate_default_initializers
    Feature record: CXX_FEATURE:1cxx_alias_templates
    Feature record: CXX_FEATURE:1cxx_alignas
    Feature record: CXX_FEATURE:1cxx_alignof
    Feature record: CXX_FEATURE:1cxx_attributes
    Feature record: CXX_FEATURE:1cxx_attribute_deprecated
    Feature record: CXX_FEATURE:1cxx_auto_type
    Feature record: CXX_FEATURE:1cxx_binary_literals
    Feature record: CXX_FEATURE:1cxx_constexpr
    Feature record: CXX_FEATURE:1cxx_contextual_conversions
    Feature record: CXX_FEATURE:1cxx_decltype
    Feature record: CXX_FEATURE:1cxx_decltype_auto
    Feature record: CXX_FEATURE:1cxx_decltype_incomplete_return_types
    Feature record: CXX_FEATURE:1cxx_default_function_template_args
    Feature record: CXX_FEATURE:1cxx_defaulted_functions
    Feature record: CXX_FEATURE:1cxx_defaulted_move_initializers
    Feature record: CXX_FEATURE:1cxx_delegating_constructors
    Feature record: CXX_FEATURE:1cxx_deleted_functions
    Feature record: CXX_FEATURE:1cxx_digit_separators
    Feature record: CXX_FEATURE:1cxx_enum_forward_declarations
    Feature record: CXX_FEATURE:1cxx_explicit_conversions
    Feature record: CXX_FEATURE:1cxx_extended_friend_declarations
    Feature record: CXX_FEATURE:1cxx_extern_templates
    Feature record: CXX_FEATURE:1cxx_final
    Feature record: CXX_FEATURE:1cxx_func_identifier
    Feature record: CXX_FEATURE:1cxx_generalized_initializers
    Feature record: CXX_FEATURE:1cxx_generic_lambdas
    Feature record: CXX_FEATURE:1cxx_inheriting_constructors
    Feature record: CXX_FEATURE:1cxx_inline_namespaces
    Feature record: CXX_FEATURE:1cxx_lambdas
    Feature record: CXX_FEATURE:1cxx_lambda_init_captures
    Feature record: CXX_FEATURE:1cxx_local_type_template_args
    Feature record: CXX_FEATURE:1cxx_long_long_type
    Feature record: CXX_FEATURE:1cxx_noexcept
    Feature record: CXX_FEATURE:1cxx_nonstatic_member_init
    Feature record: CXX_FEATURE:1cxx_nullptr
    Feature record: CXX_FEATURE:1cxx_override
    Feature record: CXX_FEATURE:1cxx_range_for
    Feature record: CXX_FEATURE:1cxx_raw_string_literals
    Feature record: CXX_FEATURE:1cxx_reference_qualified_functions
    Feature record: CXX_FEATURE:1cxx_relaxed_constexpr
    Feature record: CXX_FEATURE:1cxx_return_type_deduction
    Feature record: CXX_FEATURE:1cxx_right_angle_brackets
    Feature record: CXX_FEATURE:1cxx_rvalue_references
    Feature record: CXX_FEATURE:1cxx_sizeof_member
    Feature record: CXX_FEATURE:1cxx_static_assert
    Feature record: CXX_FEATURE:1cxx_strong_enums
    Feature record: CXX_FEATURE:1cxx_template_template_parameters
    Feature record: CXX_FEATURE:1cxx_thread_local
    Feature record: CXX_FEATURE:1cxx_trailing_return_types
    Feature record: CXX_FEATURE:1cxx_unicode_literals
    Feature record: CXX_FEATURE:1cxx_uniform_initialization
    Feature record: CXX_FEATURE:1cxx_unrestricted_unions
    Feature record: CXX_FEATURE:1cxx_user_literals
    Feature record: CXX_FEATURE:1cxx_variable_templates
    Feature record: CXX_FEATURE:1cxx_variadic_macros
    Feature record: CXX_FEATURE:1cxx_variadic_templates


Detecting CXX [-std=c++14] compiler features compiled with the following output:
Change Dir: /home/fulup/Workspace/Audio-4a/wsclient-audio4a/build/CMakeFiles/CMakeTmp

Run Build Command:"/usr/bin/gmake" "cmTC_4dd19/fast"
/usr/bin/gmake -f CMakeFiles/cmTC_4dd19.dir/build.make CMakeFiles/cmTC_4dd19.dir/build
gmake[1]: Entering directory '/home/fulup/Workspace/Audio-4a/wsclient-audio4a/build/CMakeFiles/CMakeTmp'
Building CXX object CMakeFiles/cmTC_4dd19.dir/feature_tests.cxx.o
/usr/bin/g++-5    -std=c++14 -o CMakeFiles/cmTC_4dd19.dir/feature_tests.cxx.o -c /home/fulup/Workspace/Audio-4a/wsclient-audio4a/build/CMakeFiles/feature_tests.cxx
Linking CXX executable cmTC_4dd19
/usr/bin/cmake -E cmake_link_script CMakeFiles/cmTC_4dd19.dir/link.txt --verbose=1
/usr/bin/g++-5       -rdynamic CMakeFiles/cmTC_4dd19.dir/feature_tests.cxx.o  -o cmTC_4dd19 
gmake[1]: Leaving directory '/home/fulup/Workspace/Audio-4a/wsclient-audio4a/build/CMakeFiles/CMakeTmp'


    Feature record: CXX_FEATURE:1cxx_aggregate_default_initializers
    Feature record: CXX_FEATURE:1cxx_alias_templates
    Feature record: CXX_FEATURE:1cxx_alignas
    Feature record: CXX_FEATURE:1cxx_alignof
    Feature record: CXX_FEATURE:1cxx_attributes
    Feature record: CXX_FEATURE:1cxx_attribute_deprecated
    Feature record: CXX_FEATURE:1cxx_auto_type
    Feature record: CXX_FEATURE:1cxx_binary_literals
    Feature record: CXX_FEATURE:1cxx_constexpr
    Feature record: CXX_FEATURE:1cxx_contextual_conversions
    Feature record: CXX_FEATURE:1cxx_decltype
    Feature record: CXX_FEATURE:1cxx_decltype_auto
    Feature record: CXX_FEATURE:1cxx_decltype_incomplete_return_types
    Feature record: CXX_FEATURE:1cxx_default_function_template_args
    Feature record: CXX_FEATURE:1cxx_defaulted_functions
    Feature record: CXX_FEATURE:1cxx_defaulted_move_initializers
    Feature record: CXX_FEATURE:1cxx_delegating_constructors
    Feature record: CXX_FEATURE:1cxx_deleted_functions
    Feature record: CXX_FEATURE:1cxx_digit_separators
    Feature record: CXX_FEATURE:1cxx_enum_forward_declarations
    Feature record: CXX_FEATURE:1cxx_explicit_conversions
    Feature record: CXX_FEATURE:1cxx_extended_friend_declarations
    Feature record: CXX_FEATURE:1cxx_extern_templates
    Feature record: CXX_FEATURE:1cxx_final
    Feature record: CXX_FEATURE:1cxx_func_identifier
    Feature record: CXX_FEATURE:1cxx_generalized_initializers
    Feature record: CXX_FEATURE:1cxx_generic_lambdas
    Feature record: CXX_FEATURE:1cxx_inheriting_constructors
    Feature record: CXX_FEATURE:1cxx_inline_namespaces
    Feature record: CXX_FEATURE:1cxx_lambdas
    Feature record: CXX_FEATURE:1cxx_lambda_init_captures
    Feature record: CXX_FEATURE:1cxx_local_type_template_args
    Feature record: CXX_FEATURE:1cxx_long_long_type
    Feature record: CXX_FEATURE:1cxx_noexcept
    Feature record: CXX_FEATURE:1cxx_nonstatic_member_init
    Feature record: CXX_FEATURE:1cxx_nullptr
    Feature record: CXX_FEATURE:1cxx_override
    Feature record: CXX_FEATURE:1cxx_range_for
    Feature record: CXX_FEATURE:1cxx_raw_string_literals
    Feature record: CXX_FEATURE:1cxx_reference_qualified_functions
    Feature record: CXX_FEATURE:1cxx_relaxed_constexpr
    Feature record: CXX_FEATURE:1cxx_return_type_deduction
    Feature record: CXX_FEATURE:1cxx_right_angle_brackets
    Feature record: CXX_FEATURE:1cxx_rvalue_references
    Feature record: CXX_FEATURE:1cxx_sizeof_member
    Feature record: CXX_FEATURE:1cxx_static_assert
    Feature record: CXX_FEATURE:1cxx_strong_enums
    Feature record: CXX_FEATURE:1cxx_template_template_parameters
    Feature record: CXX_FEATURE:1cxx_thread_local
    Feature record: CXX_FEATURE:1cxx_trailing_return_types
    Feature record: CXX_FEATURE:1cxx_unicode_literals
    Feature record: CXX_FEATURE:1cxx_uniform_initialization
    Feature record: CXX_FEATURE:1cxx_unrestricted_unions
    Feature record: CXX_FEATURE:1cxx_user_literals
    Feature record: CXX_FEATURE:1cxx_variable_templates
    Feature record: CXX_FEATURE:1cxx_variadic_macros
    Feature record: CXX_FEATURE:1cxx_variadic_templates


Detecting CXX [-std=c++11] compiler features compiled with the following output:
Change Dir: /home/fulup/Workspace/Audio-4a/wsclient-audio4a/build/CMakeFiles/CMakeTmp

Run Build Command:"/usr/bin/gmake" "cmTC_7ade8/fast"
/usr/bin/gmake -f CMakeFiles/cmTC_7ade8.dir/build.make CMakeFiles/cmTC_7ade8.dir/build
gmake[1]: Entering directory '/home/fulup/Workspace/Audio-4a/wsclient-audio4a/build/CMakeFiles/CMakeTmp'
Building CXX object CMakeFiles/cmTC_7ade8.dir/feature_tests.cxx.o
/usr/bin/g++-5    -std=c++11 -o CMakeFiles/cmTC_7ade8.dir/feature_tests.cxx.o -c /home/fulup/Workspace/Audio-4a/wsclient-audio4a/build/CMakeFiles/feature_tests.cxx
Linking CXX executable cmTC_7ade8
/usr/bin/cmake -E cmake_link_script CMakeFiles/cmTC_7ade8.dir/link.txt --verbose=1
/usr/bin/g++-5       -rdynamic CMakeFiles/cmTC_7ade8.dir/feature_tests.cxx.o  -o cmTC_7ade8 
gmake[1]: Leaving directory '/home/fulup/Workspace/Audio-4a/wsclient-audio4a/build/CMakeFiles/CMakeTmp'


    Feature record: CXX_FEATURE:0cxx_aggregate_default_initializers
    Feature record: CXX_FEATURE:1cxx_alias_templates
    Feature record: CXX_FEATURE:1cxx_alignas
    Feature record: CXX_FEATURE:1cxx_alignof
    Feature record: CXX_FEATURE:1cxx_attributes
    Feature record: CXX_FEATURE:0cxx_attribute_deprecated
    Feature record: CXX_FEATURE:1cxx_auto_type
    Feature record: CXX_FEATURE:0cxx_binary_literals
    Feature record: CXX_FEATURE:1cxx_constexpr
    Feature record: CXX_FEATURE:0cxx_contextual_conversions
    Feature record: CXX_FEATURE:1cxx_decltype
    Feature record: CXX_FEATURE:0cxx_decltype_auto
    Feature record: CXX_FEATURE:1cxx_decltype_incomplete_return_types
    Feature record: CXX_FEATURE:1cxx_default_function_template_args
    Feature record: CXX_FEATURE:1cxx_defaulted_functions
    Feature record: CXX_FEATURE:1cxx_defaulted_move_initializers
    Feature record: CXX_FEATURE:1cxx_delegating_constructors
    Feature record: CXX_FEATURE:1cxx_deleted_functions
    Feature record: CXX_FEATURE:0cxx_digit_separators
    Feature record: CXX_FEATURE:1cxx_enum_forward_declarations
    Feature record: CXX_FEATURE:1cxx_explicit_conversions
    Feature record: CXX_FEATURE:1cxx_extended_friend_declarations
    Feature record: CXX_FEATURE:1cxx_extern_templates
    Feature record: CXX_FEATURE:1cxx_final
    Feature record: CXX_FEATURE:1cxx_func_identifier
    Feature record: CXX_FEATURE:1cxx_generalized_initializers
    Feature record: CXX_FEATURE:0cxx_generic_lambdas
    Feature record: CXX_FEATURE:1cxx_inheriting_constructors
    Feature record: CXX_FEATURE:1cxx_inline_namespaces
    Feature record: CXX_FEATURE:1cxx_lambdas
    Feature record: CXX_FEATURE:0cxx_lambda_init_captures
    Feature record: CXX_FEATURE:1cxx_local_type_template_args
    Feature record: CXX_FEATURE:1cxx_long_long_type
    Feature record: CXX_FEATURE:1cxx_noexcept
    Feature record: CXX_FEATURE:1cxx_nonstatic_member_init
    Feature record: CXX_FEATURE:1cxx_nullptr
    Feature record: CXX_FEATURE:1cxx_override
    Feature record: CXX_FEATURE:1cxx_range_for
    Feature record: CXX_FEATURE:1cxx_raw_string_literals
    Feature record: CXX_FEATURE:1cxx_reference_qualified_functions
    Feature record: CXX_FEATURE:0cxx_relaxed_constexpr
    Feature record: CXX_FEATURE:0cxx_return_type_deduction
    Feature record: CXX_FEATURE:1cxx_right_angle_brackets
    Feature record: CXX_FEATURE:1cxx_rvalue_references
    Feature record: CXX_FEATURE:1cxx_sizeof_member
    Feature record: CXX_FEATURE:1cxx_static_assert
    Feature record: CXX_FEATURE:1cxx_strong_enums
    Feature record: CXX_FEATURE:1cxx_template_template_parameters
    Feature record: CXX_FEATURE:1cxx_thread_local
    Feature record: CXX_FEATURE:1cxx_trailing_return_types
    Feature record: CXX_FEATURE:1cxx_unicode_literals
    Feature record: CXX_FEATURE:1cxx_uniform_initialization
    Feature record: CXX_FEATURE:1cxx_unrestricted_unions
    Feature record: CXX_FEATURE:1cxx_user_literals
    Feature record: CXX_FEATURE:0cxx_variable_templates
    Feature record: CXX_FEATURE:1cxx_variadic_macros
    Feature record: CXX_FEATURE:1cxx_variadic_templates


Detecting CXX [-std=c++98] compiler features compiled with the following output:
Change Dir: /home/fulup/Workspace/Audio-4a/wsclient-audio4a/build/CMakeFiles/CMakeTmp

Run Build Command:"/usr/bin/gmake" "cmTC_21864/fast"
/usr/bin/gmake -f CMakeFiles/cmTC_21864.dir/build.make CMakeFiles/cmTC_21864.dir/build
gmake[1]: Entering directory '/home/fulup/Workspace/Audio-4a/wsclient-audio4a/build/CMakeFiles/CMakeTmp'
Building CXX object CMakeFiles/cmTC_21864.dir/feature_tests.cxx.o
/usr/bin/g++-5    -std=c++98 -o CMakeFiles/cmTC_21864.dir/feature_tests.cxx.o -c /home/fulup/Workspace/Audio-4a/wsclient-audio4a/build/CMakeFiles/feature_tests.cxx
Linking CXX executable cmTC_21864
/usr/bin/cmake -E cmake_link_script CMakeFiles/cmTC_21864.dir/link.txt --verbose=1
/usr/bin/g++-5       -rdynamic CMakeFiles/cmTC_21864.dir/feature_tests.cxx.o  -o cmTC_21864 
gmake[1]: Leaving directory '/home/fulup/Workspace/Audio-4a/wsclient-audio4a/build/CMakeFiles/CMakeTmp'


    Feature record: CXX_FEATURE:0cxx_aggregate_default_initializers
    Feature record: CXX_FEATURE:0cxx_alias_templates
    Feature record: CXX_FEATURE:0cxx_alignas
    Feature record: CXX_FEATURE:0cxx_alignof
    Feature record: CXX_FEATURE:0cxx_attributes
    Feature record: CXX_FEATURE:0cxx_attribute_deprecated
    Feature record: CXX_FEATURE:0cxx_auto_type
    Feature record: CXX_FEATURE:0cxx_binary_literals
    Feature record: CXX_FEATURE:0cxx_constexpr
    Feature record: CXX_FEATURE:0cxx_contextual_conversions
    Feature record: CXX_FEATURE:0cxx_decltype
    Feature record: CXX_FEATURE:0cxx_decltype_auto
    Feature record: CXX_FEATURE:0cxx_decltype_incomplete_return_types
    Feature record: CXX_FEATURE:0cxx_default_function_template_args
    Feature record: CXX_FEATURE:0cxx_defaulted_functions
    Feature record: CXX_FEATURE:0cxx_defaulted_move_initializers
    Feature record: CXX_FEATURE:0cxx_delegating_constructors
    Feature record: CXX_FEATURE:0cxx_deleted_functions
    Feature record: CXX_FEATURE:0cxx_digit_separators
    Feature record: CXX_FEATURE:0cxx_enum_forward_declarations
    Feature record: CXX_FEATURE:0cxx_explicit_conversions
    Feature record: CXX_FEATURE:0cxx_extended_friend_declarations
    Feature record: CXX_FEATURE:0cxx_extern_templates
    Feature record: CXX_FEATURE:0cxx_final
    Feature record: CXX_FEATURE:0cxx_func_identifier
    Feature record: CXX_FEATURE:0cxx_generalized_initializers
    Feature record: CXX_FEATURE:0cxx_generic_lambdas
    Feature record: CXX_FEATURE:0cxx_inheriting_constructors
    Feature record: CXX_FEATURE:0cxx_inline_namespaces
    Feature record: CXX_FEATURE:0cxx_lambdas
    Feature record: CXX_FEATURE:0cxx_lambda_init_captures
    Feature record: CXX_FEATURE:0cxx_local_type_template_args
    Feature record: CXX_FEATURE:0cxx_long_long_type
    Feature record: CXX_FEATURE:0cxx_noexcept
    Feature record: CXX_FEATURE:0cxx_nonstatic_member_init
    Feature record: CXX_FEATURE:0cxx_nullptr
    Feature record: CXX_FEATURE:0cxx_override
    Feature record: CXX_FEATURE:0cxx_range_for
    Feature record: CXX_FEATURE:0cxx_raw_string_literals
    Feature record: CXX_FEATURE:0cxx_reference_qualified_functions
    Feature record: CXX_FEATURE:0cxx_relaxed_constexpr
    Feature record: CXX_FEATURE:0cxx_return_type_deduction
    Feature record: CXX_FEATURE:0cxx_right_angle_brackets
    Feature record: CXX_FEATURE:0cxx_rvalue_references
    Feature record: CXX_FEATURE:0cxx_sizeof_member
    Feature record: CXX_FEATURE:0cxx_static_assert
    Feature record: CXX_FEATURE:0cxx_strong_enums
    Feature record: CXX_FEATURE:1cxx_template_template_parameters
    Feature record: CXX_FEATURE:0cxx_thread_local
    Feature record: CXX_FEATURE:0cxx_trailing_return_types
    Feature record: CXX_FEATURE:0cxx_unicode_literals
    Feature record: CXX_FEATURE:0cxx_uniform_initialization
    Feature record: CXX_FEATURE:0cxx_unrestricted_unions
    Feature record: CXX_FEATURE:0cxx_user_literals
    Feature record: CXX_FEATURE:0cxx_variable_templates
    Feature record: CXX_FEATURE:0cxx_variadic_macros
    Feature record: CXX_FEATURE:0cxx_variadic_templates
Determining if the function malloc exists in the efence passed with the following output:
Change Dir: /home/fulup/Workspace/Audio-4a/wsclient-audio4a/build/CMakeFiles/CMakeTmp

Run Build Command:"/usr/bin/gmake" "cmTC_c95e7/fast"
/usr/bin/gmake -f CMakeFiles/cmTC_c95e7.dir/build.make CMakeFiles/cmTC_c95e7.dir/build
gmake[1]: Entering directory '/home/fulup/Workspace/Audio-4a/wsclient-audio4a/build/CMakeFiles/CMakeTmp'
Building C object CMakeFiles/cmTC_c95e7.dir/CheckFunctionExists.c.o
/usr/bin/gcc-5   -DCHECK_FUNCTION_EXISTS=malloc -fPIE   -o CMakeFiles/cmTC_c95e7.dir/CheckFunctionExists.c.o   -c /usr/share/cmake/Modules/CheckFunctionExists.c
<command-line>:0:23: warning: conflicting types for built-in function ‘malloc’
/usr/share/cmake/Modules/CheckFunctionExists.c:7:3: note: in expansion of macro ‘CHECK_FUNCTION_EXISTS’
   CHECK_FUNCTION_EXISTS(void);
   ^
Linking C executable cmTC_c95e7
/usr/bin/cmake -E cmake_link_script CMakeFiles/cmTC_c95e7.dir/link.txt --verbose=1
/usr/bin/gcc-5  -DCHECK_FUNCTION_EXISTS=malloc    -rdynamic CMakeFiles/cmTC_c95e7.dir/CheckFunctionExists.c.o  -o cmTC_c95e7 -lefence 
gmake[1]: Leaving directory '/home/fulup/Workspace/Audio-4a/wsclient-audio4a/build/CMakeFiles/CMakeTmp'


